This file contains any messages produced by compilers while
running configure, to aid debugging if configure makes a mistake.

It was created by mssilk configure 0.1, which was
generated by GNU Autoconf 2.69.  Invocation command line was

  $ ./configure --host=arm-linux MEDIASTREAMER_CFLAGS=  MEDIASTREAMER_LIBS= 

## --------- ##
## Platform. ##
## --------- ##

hostname = Sawada-Shigenori-no-MacBook-Air.local
uname -m = i386
uname -r = 10.8.0
uname -s = Darwin
uname -v = Darwin Kernel Version 10.8.0: Tue Jun  7 16:33:36 PDT 2011; root:xnu-1504.15.3~1/RELEASE_I386

/usr/bin/uname -p = i386
/bin/uname -X     = unknown

/bin/arch              = unknown
/usr/bin/arch -k       = unknown
/usr/convex/getsysinfo = unknown
/usr/bin/hostinfo      = Mach kernel version:
	 Darwin Kernel Version 10.8.0: Tue Jun  7 16:33:36 PDT 2011; root:xnu-1504.15.3~1/RELEASE_I386
Kernel configured for up to 2 processors.
2 processors are physically available.
2 processors are logically available.
Processor type: i486 (Intel 80486)
Processors active: 0 1
Primary memory available: 2.00 gigabytes
Default processor set: 60 tasks, 340 threads, 2 processors
Load average: 3.10, Mach factor: 0.34
/bin/machine           = unknown
/usr/bin/oslevel       = unknown
/bin/universe          = unknown

PATH: /usr/bin
PATH: /bin
PATH: /usr/sbin
PATH: /sbin
PATH: /usr/local/bin
PATH: /usr/X11/bin
PATH: /Users/develop/Library/android-sdk-macosx/platform-tools
PATH: /opt/local/bin
PATH: /opt/local/sbin
PATH: usr/local/lib
PATH: /usr/local/bin
PATH: /Users/develop/Library/android-sdk-macosx/tools
PATH: /Users/develop/Library/android-sdk-macosx/android-ndk-r8b


## ----------- ##
## Core tests. ##
## ----------- ##

configure:2169: checking for a BSD-compatible install
configure:2237: result: /usr/bin/install -c
configure:2248: checking whether build environment is sane
configure:2285: result: yes
configure:2310: checking for a thread-safe mkdir -p
configure:2349: result: build-aux/install-sh -c -d
configure:2362: checking for gawk
configure:2392: result: no
configure:2362: checking for mawk
configure:2392: result: no
configure:2362: checking for nawk
configure:2392: result: no
configure:2362: checking for awk
configure:2378: found /usr/bin/awk
configure:2389: result: awk
configure:2400: checking whether make sets $(MAKE)
configure:2422: result: yes
configure:2500: checking for arm-linux-strip
configure:2530: result: no
configure:2540: checking for strip
configure:2556: found /usr/bin/strip
configure:2567: result: strip
configure:2599: checking how to create a ustar tar archive
configure:2612: tar --version
bsdtar 2.6.2 - libarchive 2.6.2
configure:2615: $? = 0
configure:2655: tardir=conftest.dir && eval tar --format=ustar -chf - "$tardir" >conftest.tar
configure:2658: $? = 0
configure:2662: tar -xf - <conftest.tar
configure:2665: $? = 0
configure:2678: result: gnutar
configure:2733: checking for wget
configure:2751: found /usr/local/bin/wget
configure:2763: result: /usr/local/bin/wget
configure:2777: checking for md5sum
configure:2810: result: no
configure:2818: checking for openssl
configure:2836: found /usr/bin/openssl
configure:2848: result: /usr/bin/openssl
configure:2867: checking for unzip
configure:2885: found /usr/bin/unzip
configure:2897: result: /usr/bin/unzip
configure:2911: checking for patch
configure:2929: found /usr/bin/patch
configure:2941: result: /usr/bin/patch
configure:2983: checking build system type
configure:2997: result: i386-apple-darwin10.8.0
configure:3017: checking host system type
configure:3030: result: arm-unknown-linux-gnu
configure:3071: checking how to print strings
configure:3098: result: printf
configure:3131: checking for style of include used by make
configure:3159: result: GNU
configure:3189: checking for arm-linux-gcc
configure:3219: result: no
configure:3229: checking for gcc
configure:3245: found /usr/bin/gcc
configure:3256: result: gcc
configure:3485: checking for C compiler version
configure:3494: gcc --version >&5
i686-apple-darwin10-llvm-gcc-4.2 (GCC) 4.2.1 (Based on Apple Inc. build 5658) (LLVM build 2336.1.00)
Copyright (C) 2007 Free Software Foundation, Inc.
This is free software; see the source for copying conditions.  There is NO
warranty; not even for MERCHANTABILITY or FITNESS FOR A PARTICULAR PURPOSE.

configure:3505: $? = 0
configure:3494: gcc -v >&5
Using built-in specs.
Target: i686-apple-darwin10
Configured with: /private/var/tmp/llvmgcc42/llvmgcc42-2336.1~3/src/configure --disable-checking --enable-werror --prefix=/Developer/usr/llvm-gcc-4.2 --mandir=/share/man --enable-languages=c,objc,c++,obj-c++ --program-prefix=llvm- --program-transform-name=/^[cg][^.-]*$/s/$/-4.2/ --with-slibdir=/usr/lib --build=i686-apple-darwin10 --enable-llvm=/private/var/tmp/llvmgcc42/llvmgcc42-2336.1~3/dst-llvmCore/Developer/usr/local --program-prefix=i686-apple-darwin10- --host=x86_64-apple-darwin10 --target=i686-apple-darwin10 --with-gxx-include-dir=/usr/include/c++/4.2.1
Thread model: posix
gcc version 4.2.1 (Based on Apple Inc. build 5658) (LLVM build 2336.1.00)
configure:3505: $? = 0
configure:3494: gcc -V >&5
llvm-gcc-4.2: argument to `-V' is missing
configure:3505: $? = 1
configure:3494: gcc -qversion >&5
i686-apple-darwin10-llvm-gcc-4.2: no input files
configure:3505: $? = 1
configure:3525: checking whether the C compiler works
configure:3547: gcc  -Wall   conftest.c  >&5
configure:3551: $? = 0
configure:3599: result: yes
configure:3602: checking for C compiler default output file name
configure:3604: result: a.out
configure:3610: checking for suffix of executables
configure:3617: gcc -o conftest  -Wall   conftest.c  >&5
configure:3621: $? = 0
configure:3643: result: 
configure:3665: checking whether we are cross compiling
configure:3673: gcc -o conftest  -Wall   conftest.c  >&5
configure:3677: $? = 0
configure:3684: ./conftest
configure:3688: $? = 0
configure:3703: result: no
configure:3708: checking for suffix of object files
configure:3730: gcc -c  -Wall  conftest.c >&5
configure:3734: $? = 0
configure:3755: result: o
configure:3759: checking whether we are using the GNU C compiler
configure:3778: gcc -c  -Wall  conftest.c >&5
configure:3778: $? = 0
configure:3787: result: yes
configure:3796: checking whether gcc accepts -g
configure:3816: gcc -c -g  conftest.c >&5
configure:3816: $? = 0
configure:3857: result: yes
configure:3874: checking for gcc option to accept ISO C89
configure:3937: gcc  -c  -Wall  conftest.c >&5
configure:3937: $? = 0
configure:3950: result: none needed
configure:3972: checking dependency style of gcc
configure:4063: result: gcc3
configure:4078: checking for a sed that does not truncate output
configure:4142: result: /usr/bin/sed
configure:4160: checking for grep that handles long lines and -e
configure:4218: result: /usr/bin/grep
configure:4223: checking for egrep
configure:4285: result: /usr/bin/grep -E
configure:4290: checking for fgrep
configure:4352: result: /usr/bin/grep -F
configure:4387: checking for ld used by gcc
configure:4454: result: /usr/llvm-gcc-4.2/libexec/gcc/i686-apple-darwin10/4.2.1/ld
configure:4461: checking if the linker (/usr/llvm-gcc-4.2/libexec/gcc/i686-apple-darwin10/4.2.1/ld) is GNU ld
configure:4476: result: no
configure:4488: checking for BSD- or MS-compatible name lister (nm)
configure:4537: result: no
configure:4551: checking for arm-linux-dumpbin
configure:4581: result: no
configure:4551: checking for arm-linux-link
configure:4581: result: no
configure:4595: checking for dumpbin
configure:4625: result: no
configure:4595: checking for link
configure:4611: found /bin/link
configure:4622: result: link -dump
configure:4667: checking the name lister (nm) interface
configure:4674: gcc -c  -Wall  conftest.c >&5
configure:4677: nm "conftest.o"
configure:4680: output
0000000000000000 S _some_variable
configure:4687: result: BSD nm
configure:4690: checking whether ln -s works
configure:4694: result: yes
configure:4702: checking the maximum length of command line arguments
configure:4827: result: 196608
configure:4844: checking whether the shell understands some XSI constructs
configure:4854: result: yes
configure:4858: checking whether the shell understands "+="
configure:4864: result: yes
configure:4899: checking for /usr/llvm-gcc-4.2/libexec/gcc/i686-apple-darwin10/4.2.1/ld option to reload object files
configure:4906: result: -r
configure:4935: checking for arm-linux-objdump
configure:4965: result: no
configure:4975: checking for objdump
configure:5005: result: no
configure:5034: checking how to recognize dependent libraries
configure:5236: result: pass_all
configure:5256: checking for arm-linux-ar
configure:5286: result: no
configure:5296: checking for ar
configure:5312: found /usr/bin/ar
configure:5323: result: ar
configure:5361: checking for arm-linux-strip
configure:5388: result: strip
configure:5460: checking for arm-linux-ranlib
configure:5490: result: no
configure:5500: checking for ranlib
configure:5516: found /usr/bin/ranlib
configure:5527: result: ranlib
configure:5629: checking command to parse nm output from gcc object
configure:5747: gcc -c  -Wall  conftest.c >&5
configure:5750: $? = 0
configure:5754: nm conftest.o \| sed -n -e 's/^.*[ ]\([BCDEGRST][BCDEGRST]*\)[ ][ ]*\([_A-Za-z][_A-Za-z0-9]*\)$/\1 \2 \2/p' \> conftest.nm
configure:5757: $? = 0
cannot find nm_test_var in conftest.nm
configure:5747: gcc -c  -Wall  conftest.c >&5
configure:5750: $? = 0
configure:5754: nm conftest.o \| sed -n -e 's/^.*[ ]\([BCDEGRST][BCDEGRST]*\)[ ][ ]*_\([_A-Za-z][_A-Za-z0-9]*\)$/\1 _\2 \2/p' \> conftest.nm
configure:5757: $? = 0
configure:5811: gcc -o conftest  -Wall   conftest.c conftstm.o >&5
configure:5814: $? = 0
configure:5852: result: ok
configure:6693: checking how to run the C preprocessor
configure:6724: gcc -E  conftest.c
configure:6724: $? = 0
configure:6738: gcc -E  conftest.c
conftest.c:11:28: error: ac_nonexistent.h: No such file or directory
configure:6738: $? = 1
configure: failed program was:
| /* confdefs.h */
| #define PACKAGE_NAME "mssilk"
| #define PACKAGE_TARNAME "mssilk"
| #define PACKAGE_VERSION "0.1"
| #define PACKAGE_STRING "mssilk 0.1"
| #define PACKAGE_BUGREPORT ""
| #define PACKAGE_URL ""
| #define PACKAGE "mssilk"
| #define VERSION "0.1"
| /* end confdefs.h.  */
| #include <ac_nonexistent.h>
configure:6763: result: gcc -E
configure:6783: gcc -E  conftest.c
configure:6783: $? = 0
configure:6797: gcc -E  conftest.c
conftest.c:11:28: error: ac_nonexistent.h: No such file or directory
configure:6797: $? = 1
configure: failed program was:
| /* confdefs.h */
| #define PACKAGE_NAME "mssilk"
| #define PACKAGE_TARNAME "mssilk"
| #define PACKAGE_VERSION "0.1"
| #define PACKAGE_STRING "mssilk 0.1"
| #define PACKAGE_BUGREPORT ""
| #define PACKAGE_URL ""
| #define PACKAGE "mssilk"
| #define VERSION "0.1"
| /* end confdefs.h.  */
| #include <ac_nonexistent.h>
configure:6826: checking for ANSI C header files
configure:6846: gcc -c  -Wall  conftest.c >&5
configure:6846: $? = 0
configure:6919: gcc -o conftest  -Wall   conftest.c  >&5
configure:6919: $? = 0
configure:6919: ./conftest
configure:6919: $? = 0
configure:6930: result: yes
configure:6943: checking for sys/types.h
configure:6943: gcc -c  -Wall  conftest.c >&5
configure:6943: $? = 0
configure:6943: result: yes
configure:6943: checking for sys/stat.h
configure:6943: gcc -c  -Wall  conftest.c >&5
configure:6943: $? = 0
configure:6943: result: yes
configure:6943: checking for stdlib.h
configure:6943: gcc -c  -Wall  conftest.c >&5
configure:6943: $? = 0
configure:6943: result: yes
configure:6943: checking for string.h
configure:6943: gcc -c  -Wall  conftest.c >&5
configure:6943: $? = 0
configure:6943: result: yes
configure:6943: checking for memory.h
configure:6943: gcc -c  -Wall  conftest.c >&5
configure:6943: $? = 0
configure:6943: result: yes
configure:6943: checking for strings.h
configure:6943: gcc -c  -Wall  conftest.c >&5
configure:6943: $? = 0
configure:6943: result: yes
configure:6943: checking for inttypes.h
configure:6943: gcc -c  -Wall  conftest.c >&5
configure:6943: $? = 0
configure:6943: result: yes
configure:6943: checking for stdint.h
configure:6943: gcc -c  -Wall  conftest.c >&5
configure:6943: $? = 0
configure:6943: result: yes
configure:6943: checking for unistd.h
configure:6943: gcc -c  -Wall  conftest.c >&5
configure:6943: $? = 0
configure:6943: result: yes
configure:6957: checking for dlfcn.h
configure:6957: gcc -c  -Wall  conftest.c >&5
configure:6957: $? = 0
configure:6957: result: yes
configure:7143: checking for objdir
configure:7158: result: .libs
configure:7425: checking if gcc supports -fno-rtti -fno-exceptions
configure:7443: gcc -c  -Wall  -fno-rtti -fno-exceptions conftest.c >&5
cc1: warning: command line option "-fno-rtti" is valid for C++/ObjC++ but not for C
configure:7447: $? = 0
configure:7460: result: no
configure:7480: checking for gcc option to produce PIC
configure:7765: result: -fPIC -DPIC
configure:7777: checking if gcc PIC flag -fPIC -DPIC works
configure:7795: gcc -c  -Wall  -fPIC -DPIC -DPIC conftest.c >&5
configure:7799: $? = 0
configure:7812: result: yes
configure:7836: checking if gcc static flag -static works
configure:7864: result: no
configure:7879: checking if gcc supports -c -o file.o
configure:7900: gcc -c  -Wall  -o out/conftest2.o conftest.c >&5
configure:7904: $? = 0
configure:7926: result: yes
configure:7934: checking if gcc supports -c -o file.o
configure:7981: result: yes
configure:8014: checking whether the gcc linker (/usr/llvm-gcc-4.2/libexec/gcc/i686-apple-darwin10/4.2.1/ld) supports shared libraries
configure:9089: result: no
configure:9334: checking dynamic linker characteristics
configure:9789: gcc -o conftest  -Wall    conftest.c  >&5
configure:9789: $? = 0
configure:10011: result: GNU/Linux ld.so
configure:10118: checking how to hardcode library paths into programs
configure:10143: result: unsupported
configure:10683: checking whether stripping libraries is possible
configure:10705: result: no
configure:10723: checking if libtool supports shared libraries
configure:10725: result: no
configure:10728: checking whether to build shared libraries
configure:10749: result: no
configure:10752: checking whether to build static libraries
configure:10756: result: yes
configure:10804: checking for arm-linux-pkg-config
configure:10837: result: no
configure:10847: checking for pkg-config
configure:10865: found /opt/local/bin/pkg-config
configure:10877: result: /opt/local/bin/pkg-config
configure:10902: checking pkg-config is at least version 0.9.0
configure:10905: result: yes
configure:10915: checking for MEDIASTREAMER
configure:11000: result: yes
configure:11007: checking for cosf in -lm
configure:11032: gcc -o conftest  -Wall   conftest.c -lm   >&5
conftest.c:30: warning: conflicting types for built-in function 'cosf'
configure:11032: $? = 0
configure:11041: result: yes
configure:11228: creating ./config.status

## ---------------------- ##
## Running config.status. ##
## ---------------------- ##

This file was extended by mssilk config.status 0.1, which was
generated by GNU Autoconf 2.69.  Invocation command line was

  CONFIG_FILES    = 
  CONFIG_HEADERS  = 
  CONFIG_LINKS    = 
  CONFIG_COMMANDS = 
  $ ./config.status 

on Sawada-Shigenori-no-MacBook-Air.local

config.status:992: creating Makefile
config.status:992: creating sdk/Makefile
config.status:1164: executing depfiles commands
config.status:1164: executing libtool commands

## ---------------- ##
## Cache variables. ##
## ---------------- ##

ac_cv_build=i386-apple-darwin10.8.0
ac_cv_c_compiler_gnu=yes
ac_cv_env_CC_set=
ac_cv_env_CC_value=
ac_cv_env_CFLAGS_set=
ac_cv_env_CFLAGS_value=
ac_cv_env_CPPFLAGS_set=
ac_cv_env_CPPFLAGS_value=
ac_cv_env_CPP_set=
ac_cv_env_CPP_value=
ac_cv_env_LDFLAGS_set=
ac_cv_env_LDFLAGS_value=
ac_cv_env_LIBS_set=
ac_cv_env_LIBS_value=
ac_cv_env_MEDIASTREAMER_CFLAGS_set=set
ac_cv_env_MEDIASTREAMER_CFLAGS_value=' '
ac_cv_env_MEDIASTREAMER_LIBS_set=set
ac_cv_env_MEDIASTREAMER_LIBS_value=' '
ac_cv_env_PKG_CONFIG_LIBDIR_set=
ac_cv_env_PKG_CONFIG_LIBDIR_value=
ac_cv_env_PKG_CONFIG_PATH_set=
ac_cv_env_PKG_CONFIG_PATH_value=
ac_cv_env_PKG_CONFIG_set=
ac_cv_env_PKG_CONFIG_value=
ac_cv_env_build_alias_set=
ac_cv_env_build_alias_value=
ac_cv_env_host_alias_set=set
ac_cv_env_host_alias_value=arm-linux
ac_cv_env_target_alias_set=
ac_cv_env_target_alias_value=
ac_cv_header_dlfcn_h=yes
ac_cv_header_inttypes_h=yes
ac_cv_header_memory_h=yes
ac_cv_header_stdc=yes
ac_cv_header_stdint_h=yes
ac_cv_header_stdlib_h=yes
ac_cv_header_string_h=yes
ac_cv_header_strings_h=yes
ac_cv_header_sys_stat_h=yes
ac_cv_header_sys_types_h=yes
ac_cv_header_unistd_h=yes
ac_cv_host=arm-unknown-linux-gnu
ac_cv_lib_m_cosf=yes
ac_cv_objext=o
ac_cv_path_EGREP='/usr/bin/grep -E'
ac_cv_path_FGREP='/usr/bin/grep -F'
ac_cv_path_GREP=/usr/bin/grep
ac_cv_path_MD5SUM=/usr/bin/openssl
ac_cv_path_PATCH=/usr/bin/patch
ac_cv_path_SED=/usr/bin/sed
ac_cv_path_UNZIP=/usr/bin/unzip
ac_cv_path_WGET=/usr/local/bin/wget
ac_cv_path_ac_pt_PKG_CONFIG=/opt/local/bin/pkg-config
ac_cv_path_install='/usr/bin/install -c'
ac_cv_prog_AWK=awk
ac_cv_prog_CPP='gcc -E'
ac_cv_prog_STRIP=strip
ac_cv_prog_ac_ct_AR=ar
ac_cv_prog_ac_ct_CC=gcc
ac_cv_prog_ac_ct_DUMPBIN='link -dump'
ac_cv_prog_ac_ct_RANLIB=ranlib
ac_cv_prog_ac_ct_STRIP=strip
ac_cv_prog_cc_c89=
ac_cv_prog_cc_g=yes
ac_cv_prog_make_make_set=yes
am_cv_CC_dependencies_compiler_type=gcc3
am_cv_prog_tar_ustar=gnutar
lt_cv_deplibs_check_method=pass_all
lt_cv_file_magic_cmd='$MAGIC_CMD'
lt_cv_file_magic_test_file=
lt_cv_ld_reload_flag=-r
lt_cv_nm_interface='BSD nm'
lt_cv_objdir=.libs
lt_cv_path_LD=/usr/llvm-gcc-4.2/libexec/gcc/i686-apple-darwin10/4.2.1/ld
lt_cv_path_NM=no
lt_cv_prog_compiler_c_o=yes
lt_cv_prog_compiler_pic_works=yes
lt_cv_prog_compiler_rtti_exceptions=no
lt_cv_prog_compiler_static_works=no
lt_cv_prog_gnu_ld=no
lt_cv_shlibpath_overrides_runpath=no
lt_cv_sys_global_symbol_pipe='sed -n -e '\''s/^.*[	 ]\([BCDEGRST][BCDEGRST]*\)[	 ][	 ]*_\([_A-Za-z][_A-Za-z0-9]*\)$/\1 _\2 \2/p'\'''
lt_cv_sys_global_symbol_to_c_name_address='sed -n -e '\''s/^: \([^ ]*\) $/  {\"\1\", (void *) 0},/p'\'' -e '\''s/^[BCDEGRST]* \([^ ]*\) \([^ ]*\)$/  {"\2", (void *) \&\2},/p'\'''
lt_cv_sys_global_symbol_to_c_name_address_lib_prefix='sed -n -e '\''s/^: \([^ ]*\) $/  {\"\1\", (void *) 0},/p'\'' -e '\''s/^[BCDEGRST]* \([^ ]*\) \(lib[^ ]*\)$/  {"\2", (void *) \&\2},/p'\'' -e '\''s/^[BCDEGRST]* \([^ ]*\) \([^ ]*\)$/  {"lib\2", (void *) \&\2},/p'\'''
lt_cv_sys_global_symbol_to_cdecl='sed -n -e '\''s/^T .* \(.*\)$/extern int \1();/p'\'' -e '\''s/^[BCDEGRST]* .* \(.*\)$/extern char \1;/p'\'''
lt_cv_sys_max_cmd_len=196608
pkg_cv_MEDIASTREAMER_CFLAGS=' '
pkg_cv_MEDIASTREAMER_LIBS=' '

## ----------------- ##
## Output variables. ##
## ----------------- ##

ACLOCAL='${SHELL} /Users/develop/Documents/workspace/linphone-android/submodules/mssilk/build-aux/missing --run aclocal-1.10'
AMDEPBACKSLASH='\'
AMDEP_FALSE='#'
AMDEP_TRUE=''
AMTAR='${SHELL} /Users/develop/Documents/workspace/linphone-android/submodules/mssilk/build-aux/missing --run tar'
AR='ar'
AUTOCONF='${SHELL} /Users/develop/Documents/workspace/linphone-android/submodules/mssilk/build-aux/missing --run autoconf'
AUTOHEADER='${SHELL} /Users/develop/Documents/workspace/linphone-android/submodules/mssilk/build-aux/missing --run autoheader'
AUTOMAKE='${SHELL} /Users/develop/Documents/workspace/linphone-android/submodules/mssilk/build-aux/missing --run automake-1.10'
AWK='awk'
CC='gcc'
CCDEPMODE='depmode=gcc3'
CFLAGS=' -Wall'
CPP='gcc -E'
CPPFLAGS=''
CYGPATH_W='echo'
DEFS='-DPACKAGE_NAME=\"mssilk\" -DPACKAGE_TARNAME=\"mssilk\" -DPACKAGE_VERSION=\"0.1\" -DPACKAGE_STRING=\"mssilk\ 0.1\" -DPACKAGE_BUGREPORT=\"\" -DPACKAGE_URL=\"\" -DPACKAGE=\"mssilk\" -DVERSION=\"0.1\" -DSTDC_HEADERS=1 -DHAVE_SYS_TYPES_H=1 -DHAVE_SYS_STAT_H=1 -DHAVE_STDLIB_H=1 -DHAVE_STRING_H=1 -DHAVE_MEMORY_H=1 -DHAVE_STRINGS_H=1 -DHAVE_INTTYPES_H=1 -DHAVE_STDINT_H=1 -DHAVE_UNISTD_H=1 -DHAVE_DLFCN_H=1 -DLT_OBJDIR=\".libs/\" -DHAVE_LIBM=1'
DEPDIR='.deps'
DSYMUTIL=''
DUMPBIN=':'
ECHO_C='\c'
ECHO_N=''
ECHO_T=''
EGREP='/usr/bin/grep -E'
EXEEXT=''
FGREP='/usr/bin/grep -F'
GREP='/usr/bin/grep'
INSTALL_DATA='${INSTALL} -m 644'
INSTALL_PROGRAM='${INSTALL}'
INSTALL_SCRIPT='${INSTALL}'
INSTALL_STRIP_PROGRAM='$(install_sh) -c -s'
LD='/usr/llvm-gcc-4.2/libexec/gcc/i686-apple-darwin10/4.2.1/ld'
LDFLAGS=''
LIBOBJS=''
LIBS='-lm '
LIBTOOL='$(SHELL) $(top_builddir)/libtool'
LIPO=''
LN_S='ln -s'
LTLIBOBJS=''
MAKEINFO='${SHELL} /Users/develop/Documents/workspace/linphone-android/submodules/mssilk/build-aux/missing --run makeinfo'
MD5SUM='/usr/bin/openssl md5'
MEDIASTREAMER_CFLAGS=' '
MEDIASTREAMER_LIBS=' '
MKDIR_P='build-aux/install-sh -c -d'
NM='nm'
NMEDIT=''
OBJDUMP='false'
OBJEXT='o'
OTOOL64=''
OTOOL=''
PACKAGE='mssilk'
PACKAGE_BUGREPORT=''
PACKAGE_NAME='mssilk'
PACKAGE_STRING='mssilk 0.1'
PACKAGE_TARNAME='mssilk'
PACKAGE_URL=''
PACKAGE_VERSION='0.1'
PATCH='/usr/bin/patch'
PATH_SEPARATOR=':'
PKG_CONFIG='/opt/local/bin/pkg-config'
PKG_CONFIG_LIBDIR=''
PKG_CONFIG_PATH=''
RANLIB='ranlib'
SED='/usr/bin/sed'
SET_MAKE=''
SHELL='/bin/sh'
SILK_FLAVOUR='ARM'
SILK_MAKE_OPTIONS=''
STRICT_CFLAGS='-Werror'
STRIP='strip'
UNZIP='/usr/bin/unzip'
VERSION='0.1'
WGET='/usr/local/bin/wget'
ac_ct_CC='gcc'
ac_ct_DUMPBIN='link -dump'
am__fastdepCC_FALSE='#'
am__fastdepCC_TRUE=''
am__include='include'
am__isrc=''
am__leading_dot='.'
am__quote=''
am__tar='tar --format=ustar -chf - "$$tardir"'
am__untar='tar -xf -'
bindir='${exec_prefix}/bin'
build='i386-apple-darwin10.8.0'
build_alias=''
build_cpu='i386'
build_os='darwin10.8.0'
build_vendor='apple'
datadir='${datarootdir}'
datarootdir='${prefix}/share'
docdir='${datarootdir}/doc/${PACKAGE_TARNAME}'
dvidir='${docdir}'
exec_prefix='${prefix}'
host='arm-unknown-linux-gnu'
host_alias='arm-linux'
host_cpu='arm'
host_os='linux-gnu'
host_vendor='unknown'
htmldir='${docdir}'
includedir='${prefix}/include'
infodir='${datarootdir}/info'
install_sh='$(SHELL) /Users/develop/Documents/workspace/linphone-android/submodules/mssilk/build-aux/install-sh'
libdir='${exec_prefix}/lib'
libexecdir='${exec_prefix}/libexec'
localedir='${datarootdir}/locale'
localstatedir='${prefix}/var'
mandir='${datarootdir}/man'
mkdir_p='$(top_builddir)/build-aux/install-sh -c -d'
oldincludedir='/usr/include'
pdfdir='${docdir}'
prefix='/usr/local'
program_transform_name='s,x,x,'
psdir='${docdir}'
sbindir='${exec_prefix}/sbin'
sharedstatedir='${prefix}/com'
sysconfdir='${prefix}/etc'
target_alias=''

## ----------- ##
## confdefs.h. ##
## ----------- ##

/* confdefs.h */
#define PACKAGE_NAME "mssilk"
#define PACKAGE_TARNAME "mssilk"
#define PACKAGE_VERSION "0.1"
#define PACKAGE_STRING "mssilk 0.1"
#define PACKAGE_BUGREPORT ""
#define PACKAGE_URL ""
#define PACKAGE "mssilk"
#define VERSION "0.1"
#define STDC_HEADERS 1
#define HAVE_SYS_TYPES_H 1
#define HAVE_SYS_STAT_H 1
#define HAVE_STDLIB_H 1
#define HAVE_STRING_H 1
#define HAVE_MEMORY_H 1
#define HAVE_STRINGS_H 1
#define HAVE_INTTYPES_H 1
#define HAVE_STDINT_H 1
#define HAVE_UNISTD_H 1
#define HAVE_DLFCN_H 1
#define LT_OBJDIR ".libs/"
#define HAVE_LIBM 1

configure: exit 0
