This file contains any messages produced by compilers while
running configure, to aid debugging if configure makes a mistake.

It was created by libilbc-rfc3951 configure 0.7, which was
generated by GNU Autoconf 2.69.  Invocation command line was

  $ ./configure 

## --------- ##
## Platform. ##
## --------- ##

hostname = Sawada-Shigenori-no-MacBook-Air.local
uname -m = i386
uname -r = 10.8.0
uname -s = Darwin
uname -v = Darwin Kernel Version 10.8.0: Tue Jun  7 16:33:36 PDT 2011; root:xnu-1504.15.3~1/RELEASE_I386

/usr/bin/uname -p = i386
/bin/uname -X     = unknown

/bin/arch              = unknown
/usr/bin/arch -k       = unknown
/usr/convex/getsysinfo = unknown
/usr/bin/hostinfo      = Mach kernel version:
	 Darwin Kernel Version 10.8.0: Tue Jun  7 16:33:36 PDT 2011; root:xnu-1504.15.3~1/RELEASE_I386
Kernel configured for up to 2 processors.
2 processors are physically available.
2 processors are logically available.
Processor type: i486 (Intel 80486)
Processors active: 0 1
Primary memory available: 2.00 gigabytes
Default processor set: 59 tasks, 335 threads, 2 processors
Load average: 1.88, Mach factor: 0.59
/bin/machine           = unknown
/usr/bin/oslevel       = unknown
/bin/universe          = unknown

PATH: /usr/bin
PATH: /bin
PATH: /usr/sbin
PATH: /sbin
PATH: /usr/local/bin
PATH: /usr/X11/bin
PATH: /Users/develop/Library/android-sdk-macosx/platform-tools
PATH: /opt/local/bin
PATH: /opt/local/sbin
PATH: usr/local/lib
PATH: /usr/local/bin
PATH: /Users/develop/Library/android-sdk-macosx/tools
PATH: /Users/develop/Library/android-sdk-macosx/android-ndk-r8b


## ----------- ##
## Core tests. ##
## ----------- ##

configure:2143: checking for a BSD-compatible install
configure:2211: result: /usr/bin/install -c
configure:2222: checking whether build environment is sane
configure:2259: result: yes
configure:2284: checking for a thread-safe mkdir -p
configure:2323: result: build-aux/install-sh -c -d
configure:2336: checking for gawk
configure:2366: result: no
configure:2336: checking for mawk
configure:2366: result: no
configure:2336: checking for nawk
configure:2366: result: no
configure:2336: checking for awk
configure:2352: found /usr/bin/awk
configure:2363: result: awk
configure:2374: checking whether make sets $(MAKE)
configure:2396: result: yes
configure:2573: checking how to create a ustar tar archive
configure:2586: tar --version
bsdtar 2.6.2 - libarchive 2.6.2
configure:2589: $? = 0
configure:2629: tardir=conftest.dir && eval tar --format=ustar -chf - "$tardir" >conftest.tar
configure:2632: $? = 0
configure:2636: tar -xf - <conftest.tar
configure:2639: $? = 0
configure:2652: result: gnutar
configure:2665: checking for gawk
configure:2692: result: awk
configure:2708: checking for wget
configure:2726: found /usr/local/bin/wget
configure:2738: result: /usr/local/bin/wget
configure:2751: checking for md5sum
configure:2784: result: no
configure:2792: checking for openssl
configure:2810: found /usr/bin/openssl
configure:2822: result: /usr/bin/openssl
configure:2868: checking build system type
configure:2882: result: i386-apple-darwin10.8.0
configure:2902: checking host system type
configure:2915: result: i386-apple-darwin10.8.0
configure:2956: checking how to print strings
configure:2983: result: printf
configure:3016: checking for style of include used by make
configure:3044: result: GNU
configure:3114: checking for gcc
configure:3130: found /usr/bin/gcc
configure:3141: result: gcc
configure:3370: checking for C compiler version
configure:3379: gcc --version >&5
i686-apple-darwin10-llvm-gcc-4.2 (GCC) 4.2.1 (Based on Apple Inc. build 5658) (LLVM build 2336.1.00)
Copyright (C) 2007 Free Software Foundation, Inc.
This is free software; see the source for copying conditions.  There is NO
warranty; not even for MERCHANTABILITY or FITNESS FOR A PARTICULAR PURPOSE.

configure:3390: $? = 0
configure:3379: gcc -v >&5
Using built-in specs.
Target: i686-apple-darwin10
Configured with: /private/var/tmp/llvmgcc42/llvmgcc42-2336.1~3/src/configure --disable-checking --enable-werror --prefix=/Developer/usr/llvm-gcc-4.2 --mandir=/share/man --enable-languages=c,objc,c++,obj-c++ --program-prefix=llvm- --program-transform-name=/^[cg][^.-]*$/s/$/-4.2/ --with-slibdir=/usr/lib --build=i686-apple-darwin10 --enable-llvm=/private/var/tmp/llvmgcc42/llvmgcc42-2336.1~3/dst-llvmCore/Developer/usr/local --program-prefix=i686-apple-darwin10- --host=x86_64-apple-darwin10 --target=i686-apple-darwin10 --with-gxx-include-dir=/usr/include/c++/4.2.1
Thread model: posix
gcc version 4.2.1 (Based on Apple Inc. build 5658) (LLVM build 2336.1.00)
configure:3390: $? = 0
configure:3379: gcc -V >&5
llvm-gcc-4.2: argument to `-V' is missing
configure:3390: $? = 1
configure:3379: gcc -qversion >&5
i686-apple-darwin10-llvm-gcc-4.2: no input files
configure:3390: $? = 1
configure:3410: checking whether the C compiler works
configure:3432: gcc    conftest.c  >&5
configure:3436: $? = 0
configure:3484: result: yes
configure:3487: checking for C compiler default output file name
configure:3489: result: a.out
configure:3495: checking for suffix of executables
configure:3502: gcc -o conftest    conftest.c  >&5
configure:3506: $? = 0
configure:3528: result: 
configure:3550: checking whether we are cross compiling
configure:3558: gcc -o conftest    conftest.c  >&5
configure:3562: $? = 0
configure:3569: ./conftest
configure:3573: $? = 0
configure:3588: result: no
configure:3593: checking for suffix of object files
configure:3615: gcc -c   conftest.c >&5
configure:3619: $? = 0
configure:3640: result: o
configure:3644: checking whether we are using the GNU C compiler
configure:3663: gcc -c   conftest.c >&5
configure:3663: $? = 0
configure:3672: result: yes
configure:3681: checking whether gcc accepts -g
configure:3701: gcc -c -g  conftest.c >&5
configure:3701: $? = 0
configure:3742: result: yes
configure:3759: checking for gcc option to accept ISO C89
configure:3822: gcc  -c -g -O2  conftest.c >&5
configure:3822: $? = 0
configure:3835: result: none needed
configure:3857: checking dependency style of gcc
configure:3948: result: gcc3
configure:3963: checking for a sed that does not truncate output
configure:4027: result: /usr/bin/sed
configure:4045: checking for grep that handles long lines and -e
configure:4103: result: /usr/bin/grep
configure:4108: checking for egrep
configure:4170: result: /usr/bin/grep -E
configure:4175: checking for fgrep
configure:4237: result: /usr/bin/grep -F
configure:4272: checking for ld used by gcc
configure:4339: result: /usr/llvm-gcc-4.2/libexec/gcc/i686-apple-darwin10/4.2.1/ld
configure:4346: checking if the linker (/usr/llvm-gcc-4.2/libexec/gcc/i686-apple-darwin10/4.2.1/ld) is GNU ld
configure:4361: result: no
configure:4373: checking for BSD- or MS-compatible name lister (nm)
configure:4422: result: /usr/bin/nm
configure:4552: checking the name lister (/usr/bin/nm) interface
configure:4559: gcc -c -g -O2  conftest.c >&5
configure:4562: /usr/bin/nm "conftest.o"
configure:4565: output
00000000000001e8 S _some_variable
configure:4572: result: BSD nm
configure:4575: checking whether ln -s works
configure:4579: result: yes
configure:4587: checking the maximum length of command line arguments
configure:4712: result: 196608
configure:4729: checking whether the shell understands some XSI constructs
configure:4739: result: yes
configure:4743: checking whether the shell understands "+="
configure:4749: result: yes
configure:4784: checking for /usr/llvm-gcc-4.2/libexec/gcc/i686-apple-darwin10/4.2.1/ld option to reload object files
configure:4791: result: -r
configure:4860: checking for objdump
configure:4890: result: no
configure:4919: checking how to recognize dependent libraries
configure:5121: result: pass_all
configure:5181: checking for ar
configure:5197: found /usr/bin/ar
configure:5208: result: ar
configure:5286: checking for strip
configure:5302: found /usr/bin/strip
configure:5313: result: strip
configure:5385: checking for ranlib
configure:5401: found /usr/bin/ranlib
configure:5412: result: ranlib
configure:5514: checking command to parse /usr/bin/nm output from gcc object
configure:5632: gcc -c -g -O2  conftest.c >&5
configure:5635: $? = 0
configure:5639: /usr/bin/nm conftest.o \| sed -n -e 's/^.*[ ]\([BCDEGRST][BCDEGRST]*\)[ ][ ]*\([_A-Za-z][_A-Za-z0-9]*\)$/\1 \2 \2/p' \> conftest.nm
configure:5642: $? = 0
cannot find nm_test_var in conftest.nm
configure:5632: gcc -c -g -O2  conftest.c >&5
configure:5635: $? = 0
configure:5639: /usr/bin/nm conftest.o \| sed -n -e 's/^.*[ ]\([BCDEGRST][BCDEGRST]*\)[ ][ ]*_\([_A-Za-z][_A-Za-z0-9]*\)$/\1 _\2 \2/p' \> conftest.nm
configure:5642: $? = 0
configure:5696: gcc -o conftest -g -O2   conftest.c conftstm.o >&5
configure:5699: $? = 0
configure:5737: result: ok
configure:6002: checking for dsymutil
configure:6018: found /usr/bin/dsymutil
configure:6029: result: dsymutil
configure:6094: checking for nmedit
configure:6110: found /usr/bin/nmedit
configure:6121: result: nmedit
configure:6186: checking for lipo
configure:6202: found /usr/bin/lipo
configure:6213: result: lipo
configure:6278: checking for otool
configure:6294: found /usr/bin/otool
configure:6305: result: otool
configure:6370: checking for otool64
configure:6400: result: no
configure:6445: checking for -single_module linker flag
gcc -g -O2  -o libconftest.dylib -dynamiclib -Wl,-single_module conftest.c
configure:6472: result: yes
configure:6474: checking for -exported_symbols_list linker flag
configure:6494: gcc -o conftest -g -O2   -Wl,-exported_symbols_list,conftest.sym conftest.c  >&5
configure:6494: $? = 0
configure:6504: result: yes
configure:6506: checking for -force_load linker flag
gcc -g -O2 -c -o conftest.o conftest.c
ar cru libconftest.a conftest.o
ranlib libconftest.a
gcc -g -O2  -o conftest conftest.c -Wl,-force_load,./libconftest.a
configure:6536: result: yes
configure:6578: checking how to run the C preprocessor
configure:6609: gcc -E  conftest.c
configure:6609: $? = 0
configure:6623: gcc -E  conftest.c
conftest.c:11:28: error: ac_nonexistent.h: No such file or directory
configure:6623: $? = 1
configure: failed program was:
| /* confdefs.h */
| #define PACKAGE_NAME "libilbc-rfc3951"
| #define PACKAGE_TARNAME "libilbc-rfc3951"
| #define PACKAGE_VERSION "0.7"
| #define PACKAGE_STRING "libilbc-rfc3951 0.7"
| #define PACKAGE_BUGREPORT ""
| #define PACKAGE_URL ""
| #define PACKAGE "libilbc-rfc3951"
| #define VERSION "0.7"
| /* end confdefs.h.  */
| #include <ac_nonexistent.h>
configure:6648: result: gcc -E
configure:6668: gcc -E  conftest.c
configure:6668: $? = 0
configure:6682: gcc -E  conftest.c
conftest.c:11:28: error: ac_nonexistent.h: No such file or directory
configure:6682: $? = 1
configure: failed program was:
| /* confdefs.h */
| #define PACKAGE_NAME "libilbc-rfc3951"
| #define PACKAGE_TARNAME "libilbc-rfc3951"
| #define PACKAGE_VERSION "0.7"
| #define PACKAGE_STRING "libilbc-rfc3951 0.7"
| #define PACKAGE_BUGREPORT ""
| #define PACKAGE_URL ""
| #define PACKAGE "libilbc-rfc3951"
| #define VERSION "0.7"
| /* end confdefs.h.  */
| #include <ac_nonexistent.h>
configure:6711: checking for ANSI C header files
configure:6731: gcc -c -g -O2  conftest.c >&5
configure:6731: $? = 0
configure:6804: gcc -o conftest -g -O2   conftest.c  >&5
configure:6804: $? = 0
configure:6804: ./conftest
configure:6804: $? = 0
configure:6815: result: yes
configure:6828: checking for sys/types.h
configure:6828: gcc -c -g -O2  conftest.c >&5
configure:6828: $? = 0
configure:6828: result: yes
configure:6828: checking for sys/stat.h
configure:6828: gcc -c -g -O2  conftest.c >&5
configure:6828: $? = 0
configure:6828: result: yes
configure:6828: checking for stdlib.h
configure:6828: gcc -c -g -O2  conftest.c >&5
configure:6828: $? = 0
configure:6828: result: yes
configure:6828: checking for string.h
configure:6828: gcc -c -g -O2  conftest.c >&5
configure:6828: $? = 0
configure:6828: result: yes
configure:6828: checking for memory.h
configure:6828: gcc -c -g -O2  conftest.c >&5
configure:6828: $? = 0
configure:6828: result: yes
configure:6828: checking for strings.h
configure:6828: gcc -c -g -O2  conftest.c >&5
configure:6828: $? = 0
configure:6828: result: yes
configure:6828: checking for inttypes.h
configure:6828: gcc -c -g -O2  conftest.c >&5
configure:6828: $? = 0
configure:6828: result: yes
configure:6828: checking for stdint.h
configure:6828: gcc -c -g -O2  conftest.c >&5
configure:6828: $? = 0
configure:6828: result: yes
configure:6828: checking for unistd.h
configure:6828: gcc -c -g -O2  conftest.c >&5
configure:6828: $? = 0
configure:6828: result: yes
configure:6842: checking for dlfcn.h
configure:6842: gcc -c -g -O2  conftest.c >&5
configure:6842: $? = 0
configure:6842: result: yes
configure:7028: checking for objdir
configure:7043: result: .libs
configure:7310: checking if gcc supports -fno-rtti -fno-exceptions
configure:7328: gcc -c -g -O2  -fno-rtti -fno-exceptions conftest.c >&5
cc1: warning: command line option "-fno-rtti" is valid for C++/ObjC++ but not for C
configure:7332: $? = 0
configure:7345: result: no
configure:7365: checking for gcc option to produce PIC
configure:7650: result: -fno-common -DPIC
configure:7662: checking if gcc PIC flag -fno-common -DPIC works
configure:7680: gcc -c -g -O2  -fno-common -DPIC -DPIC conftest.c >&5
configure:7684: $? = 0
configure:7697: result: yes
configure:7721: checking if gcc static flag -static works
configure:7749: result: no
configure:7764: checking if gcc supports -c -o file.o
configure:7785: gcc -c -g -O2  -o out/conftest2.o conftest.c >&5
configure:7789: $? = 0
configure:7811: result: yes
configure:7819: checking if gcc supports -c -o file.o
configure:7866: result: yes
configure:7899: checking whether the gcc linker (/usr/llvm-gcc-4.2/libexec/gcc/i686-apple-darwin10/4.2.1/ld) supports shared libraries
configure:8974: result: yes
configure:9219: checking dynamic linker characteristics
configure:9896: result: darwin10.8.0 dyld
configure:10003: checking how to hardcode library paths into programs
configure:10028: result: immediate
configure:10568: checking whether stripping libraries is possible
configure:10582: result: yes
configure:10608: checking if libtool supports shared libraries
configure:10610: result: yes
configure:10613: checking whether to build shared libraries
configure:10634: result: yes
configure:10637: checking whether to build static libraries
configure:10641: result: no
configure:10678: checking for cosf in -lm
configure:10703: gcc -o conftest -g -O2   conftest.c -lm   >&5
conftest.c:30: warning: conflicting types for built-in function 'cosf'
configure:10703: $? = 0
configure:10712: result: yes
configure:10894: creating ./config.status

## ---------------------- ##
## Running config.status. ##
## ---------------------- ##

This file was extended by libilbc-rfc3951 config.status 0.7, which was
generated by GNU Autoconf 2.69.  Invocation command line was

  CONFIG_FILES    = 
  CONFIG_HEADERS  = 
  CONFIG_LINKS    = 
  CONFIG_COMMANDS = 
  $ ./config.status 

on Sawada-Shigenori-no-MacBook-Air.local

config.status:988: creating Makefile
config.status:988: creating downloads/Makefile
config.status:988: creating src/Makefile
config.status:988: creating pkgconfig/Makefile
config.status:988: creating pkgconfig/ilbc.pc
config.status:988: creating man/Makefile
config.status:988: creating libilbc-rfc3951.spec
config.status:1160: executing depfiles commands
config.status:1160: executing libtool commands

## ---------------- ##
## Cache variables. ##
## ---------------- ##

ac_cv_build=i386-apple-darwin10.8.0
ac_cv_c_compiler_gnu=yes
ac_cv_env_CC_set=
ac_cv_env_CC_value=
ac_cv_env_CFLAGS_set=
ac_cv_env_CFLAGS_value=
ac_cv_env_CPPFLAGS_set=
ac_cv_env_CPPFLAGS_value=
ac_cv_env_CPP_set=
ac_cv_env_CPP_value=
ac_cv_env_LDFLAGS_set=
ac_cv_env_LDFLAGS_value=
ac_cv_env_LIBS_set=
ac_cv_env_LIBS_value=
ac_cv_env_build_alias_set=
ac_cv_env_build_alias_value=
ac_cv_env_host_alias_set=
ac_cv_env_host_alias_value=
ac_cv_env_target_alias_set=
ac_cv_env_target_alias_value=
ac_cv_header_dlfcn_h=yes
ac_cv_header_inttypes_h=yes
ac_cv_header_memory_h=yes
ac_cv_header_stdc=yes
ac_cv_header_stdint_h=yes
ac_cv_header_stdlib_h=yes
ac_cv_header_string_h=yes
ac_cv_header_strings_h=yes
ac_cv_header_sys_stat_h=yes
ac_cv_header_sys_types_h=yes
ac_cv_header_unistd_h=yes
ac_cv_host=i386-apple-darwin10.8.0
ac_cv_lib_m_cosf=yes
ac_cv_objext=o
ac_cv_path_EGREP='/usr/bin/grep -E'
ac_cv_path_FGREP='/usr/bin/grep -F'
ac_cv_path_GREP=/usr/bin/grep
ac_cv_path_MD5SUM=/usr/bin/openssl
ac_cv_path_SED=/usr/bin/sed
ac_cv_path_WGET=/usr/local/bin/wget
ac_cv_path_install='/usr/bin/install -c'
ac_cv_prog_AWK=awk
ac_cv_prog_CPP='gcc -E'
ac_cv_prog_ac_ct_AR=ar
ac_cv_prog_ac_ct_CC=gcc
ac_cv_prog_ac_ct_DSYMUTIL=dsymutil
ac_cv_prog_ac_ct_LIPO=lipo
ac_cv_prog_ac_ct_NMEDIT=nmedit
ac_cv_prog_ac_ct_OTOOL=otool
ac_cv_prog_ac_ct_RANLIB=ranlib
ac_cv_prog_ac_ct_STRIP=strip
ac_cv_prog_cc_c89=
ac_cv_prog_cc_g=yes
ac_cv_prog_make_make_set=yes
am_cv_CC_dependencies_compiler_type=gcc3
am_cv_prog_tar_ustar=gnutar
lt_cv_apple_cc_single_mod=yes
lt_cv_deplibs_check_method=pass_all
lt_cv_file_magic_cmd='$MAGIC_CMD'
lt_cv_file_magic_test_file=
lt_cv_ld_exported_symbols_list=yes
lt_cv_ld_force_load=yes
lt_cv_ld_reload_flag=-r
lt_cv_nm_interface='BSD nm'
lt_cv_objdir=.libs
lt_cv_path_LD=/usr/llvm-gcc-4.2/libexec/gcc/i686-apple-darwin10/4.2.1/ld
lt_cv_path_NM=/usr/bin/nm
lt_cv_prog_compiler_c_o=yes
lt_cv_prog_compiler_pic_works=yes
lt_cv_prog_compiler_rtti_exceptions=no
lt_cv_prog_compiler_static_works=no
lt_cv_prog_gnu_ld=no
lt_cv_sys_global_symbol_pipe='sed -n -e '\''s/^.*[	 ]\([BCDEGRST][BCDEGRST]*\)[	 ][	 ]*_\([_A-Za-z][_A-Za-z0-9]*\)$/\1 _\2 \2/p'\'''
lt_cv_sys_global_symbol_to_c_name_address='sed -n -e '\''s/^: \([^ ]*\) $/  {\"\1\", (void *) 0},/p'\'' -e '\''s/^[BCDEGRST]* \([^ ]*\) \([^ ]*\)$/  {"\2", (void *) \&\2},/p'\'''
lt_cv_sys_global_symbol_to_c_name_address_lib_prefix='sed -n -e '\''s/^: \([^ ]*\) $/  {\"\1\", (void *) 0},/p'\'' -e '\''s/^[BCDEGRST]* \([^ ]*\) \(lib[^ ]*\)$/  {"\2", (void *) \&\2},/p'\'' -e '\''s/^[BCDEGRST]* \([^ ]*\) \([^ ]*\)$/  {"lib\2", (void *) \&\2},/p'\'''
lt_cv_sys_global_symbol_to_cdecl='sed -n -e '\''s/^T .* \(.*\)$/extern int \1();/p'\'' -e '\''s/^[BCDEGRST]* .* \(.*\)$/extern char \1;/p'\'''
lt_cv_sys_max_cmd_len=196608

## ----------------- ##
## Output variables. ##
## ----------------- ##

ACLOCAL='${SHELL} /Users/develop/Documents/workspace/linphone-android/submodules/libilbc-rfc3951/build-aux/missing --run aclocal-1.10'
AMDEPBACKSLASH='\'
AMDEP_FALSE='#'
AMDEP_TRUE=''
AMTAR='${SHELL} /Users/develop/Documents/workspace/linphone-android/submodules/libilbc-rfc3951/build-aux/missing --run tar'
AR='ar'
AUTOCONF='${SHELL} /Users/develop/Documents/workspace/linphone-android/submodules/libilbc-rfc3951/build-aux/missing --run autoconf'
AUTOHEADER='${SHELL} /Users/develop/Documents/workspace/linphone-android/submodules/libilbc-rfc3951/build-aux/missing --run autoheader'
AUTOMAKE='${SHELL} /Users/develop/Documents/workspace/linphone-android/submodules/libilbc-rfc3951/build-aux/missing --run automake-1.10'
AWK='awk'
CC='gcc'
CCDEPMODE='depmode=gcc3'
CFLAGS='-g -O2'
CPP='gcc -E'
CPPFLAGS=''
CYGPATH_W='echo'
DEFS='-DPACKAGE_NAME=\"libilbc-rfc3951\" -DPACKAGE_TARNAME=\"libilbc-rfc3951\" -DPACKAGE_VERSION=\"0.7\" -DPACKAGE_STRING=\"libilbc-rfc3951\ 0.7\" -DPACKAGE_BUGREPORT=\"\" -DPACKAGE_URL=\"\" -DPACKAGE=\"libilbc-rfc3951\" -DVERSION=\"0.7\" -DSTDC_HEADERS=1 -DHAVE_SYS_TYPES_H=1 -DHAVE_SYS_STAT_H=1 -DHAVE_STDLIB_H=1 -DHAVE_STRING_H=1 -DHAVE_MEMORY_H=1 -DHAVE_STRINGS_H=1 -DHAVE_INTTYPES_H=1 -DHAVE_STDINT_H=1 -DHAVE_UNISTD_H=1 -DHAVE_DLFCN_H=1 -DLT_OBJDIR=\".libs/\" -DHAVE_LIBM=1'
DEPDIR='.deps'
DSYMUTIL='dsymutil'
DUMPBIN=''
ECHO_C='\c'
ECHO_N=''
ECHO_T=''
EGREP='/usr/bin/grep -E'
EXEEXT=''
FGREP='/usr/bin/grep -F'
GREP='/usr/bin/grep'
INSTALL_DATA='${INSTALL} -m 644'
INSTALL_PROGRAM='${INSTALL}'
INSTALL_SCRIPT='${INSTALL}'
INSTALL_STRIP_PROGRAM='$(install_sh) -c -s'
LD='/usr/llvm-gcc-4.2/libexec/gcc/i686-apple-darwin10/4.2.1/ld'
LDFLAGS=''
LIBOBJS=''
LIBS='-lm '
LIBTOOL='$(SHELL) $(top_builddir)/libtool'
LIPO='lipo'
LN_S='ln -s'
LTLIBOBJS=''
MAKEINFO='${SHELL} /Users/develop/Documents/workspace/linphone-android/submodules/libilbc-rfc3951/build-aux/missing --run makeinfo'
MD5SUM='/usr/bin/openssl md5'
MKDIR_P='build-aux/install-sh -c -d'
NM='/usr/bin/nm'
NMEDIT='nmedit'
OBJDUMP='false'
OBJEXT='o'
OTOOL64=':'
OTOOL='otool'
PACKAGE='libilbc-rfc3951'
PACKAGE_BUGREPORT=''
PACKAGE_NAME='libilbc-rfc3951'
PACKAGE_STRING='libilbc-rfc3951 0.7'
PACKAGE_TARNAME='libilbc-rfc3951'
PACKAGE_URL=''
PACKAGE_VERSION='0.7'
PATH_SEPARATOR=':'
RANLIB='ranlib'
SED='/usr/bin/sed'
SET_MAKE=''
SHELL='/bin/sh'
STRIP='strip'
VERSION='0.7'
WGET='/usr/local/bin/wget'
ac_ct_CC='gcc'
ac_ct_DUMPBIN=''
am__fastdepCC_FALSE='#'
am__fastdepCC_TRUE=''
am__include='include'
am__isrc=''
am__leading_dot='.'
am__quote=''
am__tar='tar --format=ustar -chf - "$$tardir"'
am__untar='tar -xf -'
bindir='${exec_prefix}/bin'
build='i386-apple-darwin10.8.0'
build_alias=''
build_cpu='i386'
build_os='darwin10.8.0'
build_vendor='apple'
datadir='${datarootdir}'
datarootdir='${prefix}/share'
docdir='${datarootdir}/doc/${PACKAGE_TARNAME}'
dvidir='${docdir}'
exec_prefix='${prefix}'
host='i386-apple-darwin10.8.0'
host_alias=''
host_cpu='i386'
host_os='darwin10.8.0'
host_vendor='apple'
htmldir='${docdir}'
includedir='${prefix}/include'
infodir='${datarootdir}/info'
install_sh='$(SHELL) /Users/develop/Documents/workspace/linphone-android/submodules/libilbc-rfc3951/build-aux/install-sh'
libdir='${exec_prefix}/lib'
libexecdir='${exec_prefix}/libexec'
localedir='${datarootdir}/locale'
localstatedir='${prefix}/var'
mandir='${datarootdir}/man'
mkdir_p='$(top_builddir)/build-aux/install-sh -c -d'
oldincludedir='/usr/include'
pdfdir='${docdir}'
prefix='/usr/local'
program_transform_name='s,x,x,'
psdir='${docdir}'
sbindir='${exec_prefix}/sbin'
sharedstatedir='${prefix}/com'
sysconfdir='${prefix}/etc'
target_alias=''

## ----------- ##
## confdefs.h. ##
## ----------- ##

/* confdefs.h */
#define PACKAGE_NAME "libilbc-rfc3951"
#define PACKAGE_TARNAME "libilbc-rfc3951"
#define PACKAGE_VERSION "0.7"
#define PACKAGE_STRING "libilbc-rfc3951 0.7"
#define PACKAGE_BUGREPORT ""
#define PACKAGE_URL ""
#define PACKAGE "libilbc-rfc3951"
#define VERSION "0.7"
#define STDC_HEADERS 1
#define HAVE_SYS_TYPES_H 1
#define HAVE_SYS_STAT_H 1
#define HAVE_STDLIB_H 1
#define HAVE_STRING_H 1
#define HAVE_MEMORY_H 1
#define HAVE_STRINGS_H 1
#define HAVE_INTTYPES_H 1
#define HAVE_STDINT_H 1
#define HAVE_UNISTD_H 1
#define HAVE_DLFCN_H 1
#define LT_OBJDIR ".libs/"
#define HAVE_LIBM 1

configure: exit 0
